<?xml version="1.0" encoding="UTF-8"?>
<!-- Generated by org.testng.reporters.JUnitReportReporter -->
<testsuite hostname="DESKTOP-1TNJ7GI" failures="0" tests="1" name="com.TestNGDemos.D01FirstTest" time="72.913" errors="0" timestamp="2024-04-12T21:47:19 IST" skipped="0">
  <testcase classname="com.TestNGDemos.D01FirstTest" name="openRediff" time="72.913"/>
  <system-out/>
</testsuite> <!-- com.TestNGDemos.D01FirstTest -->
