<?xml version="1.0" encoding="UTF-8"?>
<!-- Generated by org.testng.reporters.JUnitReportReporter -->
<testsuite hostname="DESKTOP-1TNJ7GI" failures="0" tests="4" name="com.Assignments.A04OHRM_Login_Logout" time="21.239" errors="0" timestamp="2024-04-15T20:31:24 IST" skipped="0">
  <testcase classname="com.Assignments.A04OHRM_Login_Logout" name="loginToOHRM3" time="2.289"/>
  <system-out/>
  <testcase classname="com.Assignments.A04OHRM_Login_Logout" name="loginToOHRM1" time="10.579"/>
  <system-out/>
  <testcase classname="com.Assignments.A04OHRM_Login_Logout" name="loginToOHRM2" time="2.620"/>
  <system-out/>
  <testcase classname="com.Assignments.A04OHRM_Login_Logout" name="loginToOHRM4" time="5.751"/>
  <system-out/>
</testsuite> <!-- com.Assignments.A04OHRM_Login_Logout -->
