<?xml version="1.0" encoding="UTF-8"?>
<!-- Generated by org.testng.reporters.JUnitReportReporter -->
<testsuite hostname="DESKTOP-1TNJ7GI" failures="0" tests="4" name="com.TestNGDemos.D04Before_After_Method" time="59.182" errors="0" timestamp="2024-04-12T22:25:56 IST" skipped="0">
  <testcase classname="com.TestNGDemos.D04Before_After_Method" name="openMyntra" time="12.451"/>
  <system-out/>
  <testcase classname="com.TestNGDemos.D04Before_After_Method" name="openAmazon" time="16.111"/>
  <system-out/>
  <testcase classname="com.TestNGDemos.D04Before_After_Method" name="openFlipkart" time="7.585"/>
  <system-out/>
  <testcase classname="com.TestNGDemos.D04Before_After_Method" name="openAjio" time="23.035"/>
  <system-out/>
</testsuite> <!-- com.TestNGDemos.D04Before_After_Method -->
