<?xml version="1.0" encoding="UTF-8"?>
<!-- Generated by org.testng.reporters.JUnitReportReporter -->
<testsuite hostname="DESKTOP-1TNJ7GI" failures="0" tests="6" name="com.TestNGDemos.D12LoginToOHRM_DDF" time="28.655" errors="0" timestamp="2024-04-18T22:00:27 IST" skipped="0">
  <testcase classname="com.TestNGDemos.D12LoginToOHRM_DDF" name="login" time="2.877"/>
  <system-out/>
  <testcase classname="com.TestNGDemos.D12LoginToOHRM_DDF" name="login" time="8.189"/>
  <system-out/>
  <testcase classname="com.TestNGDemos.D12LoginToOHRM_DDF" name="login" time="5.129"/>
  <system-out/>
  <testcase classname="com.TestNGDemos.D12LoginToOHRM_DDF" name="login" time="5.940"/>
  <system-out/>
  <testcase classname="com.TestNGDemos.D12LoginToOHRM_DDF" name="login" time="2.931"/>
  <system-out/>
  <testcase classname="com.TestNGDemos.D12LoginToOHRM_DDF" name="login" time="3.589"/>
  <system-out/>
</testsuite> <!-- com.TestNGDemos.D12LoginToOHRM_DDF -->
