<?xml version="1.0" encoding="UTF-8"?>
<!-- Generated by org.testng.reporters.JUnitReportReporter -->
<testsuite hostname="DESKTOP-1TNJ7GI" failures="0" tests="4" name="com.TestNGDemos.D03Before_After_Test" time="60.575" errors="0" timestamp="2024-04-12T22:17:45 IST" skipped="0">
  <testcase classname="com.TestNGDemos.D03Before_After_Test" name="openMyntra" time="8.712"/>
  <system-out/>
  <testcase classname="com.TestNGDemos.D03Before_After_Test" name="openAmazon" time="18.847"/>
  <system-out/>
  <testcase classname="com.TestNGDemos.D03Before_After_Test" name="openFlipkart" time="9.033"/>
  <system-out/>
  <testcase classname="com.TestNGDemos.D03Before_After_Test" name="openAjio" time="23.983"/>
  <system-out/>
</testsuite> <!-- com.TestNGDemos.D03Before_After_Test -->
