<?xml version="1.0" encoding="UTF-8"?>
<!-- Generated by org.testng.reporters.JUnitReportReporter -->
<testsuite hostname="DESKTOP-1TNJ7GI" failures="0" tests="1" name="com.TestNGDemos.D09POMClient" time="9.149" errors="0" timestamp="2024-04-17T21:32:40 IST" skipped="0">
  <testcase classname="com.TestNGDemos.D09POMClient" name="login" time="9.149"/>
  <system-out/>
</testsuite> <!-- com.TestNGDemos.D09POMClient -->
