<?xml version="1.0" encoding="UTF-8"?>
<!-- Generated by org.testng.reporters.JUnitReportReporter -->
<testsuite hostname="DESKTOP-1TNJ7GI" failures="0" tests="4" name="com.TestNGDemos.D02MultipleTests" time="84.502" errors="0" timestamp="2024-04-12T22:01:45 IST" skipped="0">
  <testcase classname="com.TestNGDemos.D02MultipleTests" name="openMyntra" time="19.339"/>
  <system-out/>
  <testcase classname="com.TestNGDemos.D02MultipleTests" name="openAmazon" time="13.572"/>
  <system-out/>
  <testcase classname="com.TestNGDemos.D02MultipleTests" name="openFlipkart" time="17.203"/>
  <system-out/>
  <testcase classname="com.TestNGDemos.D02MultipleTests" name="openAjio" time="34.388"/>
  <system-out/>
</testsuite> <!-- com.TestNGDemos.D02MultipleTests -->
