<?xml version="1.0" encoding="UTF-8"?>
<!-- Generated by org.testng.reporters.JUnitReportReporter -->
<testsuite hostname="DESKTOP-1TNJ7GI" failures="0" tests="2" name="com.TestNGDemos.D06AmazonTest" time="96.145" errors="0" timestamp="2024-04-15T21:45:02 IST" skipped="0">
  <testcase classname="com.TestNGDemos.D06AmazonTest" name="clickOnMobiles" time="38.111"/>
  <system-out/>
  <testcase classname="com.TestNGDemos.D06AmazonTest" name="clickOnElectronics" time="58.034"/>
  <system-out/>
</testsuite> <!-- com.TestNGDemos.D06AmazonTest -->
