<?xml version="1.0" encoding="UTF-8"?>
<!-- Generated by org.testng.reporters.JUnitReportReporter -->
<testsuite hostname="DESKTOP-1TNJ7GI" failures="0" tests="1" name="com.TestNGDemos.D10WriteToExcel" time="0.209" errors="0" timestamp="2024-04-18T20:32:03 IST" skipped="0">
  <testcase classname="com.TestNGDemos.D10WriteToExcel" name="writeDataToExcel" time="0.209"/>
  <system-out/>
</testsuite> <!-- com.TestNGDemos.D10WriteToExcel -->
