<?xml version="1.0" encoding="UTF-8"?>
<!-- Generated by org.testng.reporters.JUnitReportReporter -->
<testsuite hostname="DESKTOP-1TNJ7GI" failures="0" tests="6" name="com.TestNGDemos.D12LoginToOHRM_DDF" time="23.360" errors="0" timestamp="2024-04-24T21:36:55 IST" skipped="0">
  <testcase classname="com.TestNGDemos.D12LoginToOHRM_DDF" name="login" time="7.849"/>
  <system-out/>
  <testcase classname="com.TestNGDemos.D12LoginToOHRM_DDF" name="login" time="2.031"/>
  <system-out/>
  <testcase classname="com.TestNGDemos.D12LoginToOHRM_DDF" name="login" time="5.254"/>
  <system-out/>
  <testcase classname="com.TestNGDemos.D12LoginToOHRM_DDF" name="login" time="3.283"/>
  <system-out/>
  <testcase classname="com.TestNGDemos.D12LoginToOHRM_DDF" name="login" time="2.754"/>
  <system-out/>
  <testcase classname="com.TestNGDemos.D12LoginToOHRM_DDF" name="login" time="2.189"/>
  <system-out/>
</testsuite> <!-- com.TestNGDemos.D12LoginToOHRM_DDF -->
