<?xml version="1.0" encoding="UTF-8"?>
<!-- Generated by org.testng.reporters.JUnitReportReporter -->
<testsuite hostname="DESKTOP-1TNJ7GI" failures="0" tests="1" name="com.TestNGDemos.D08KeywordDrivenFramework" time="8.080" errors="0" timestamp="2024-04-17T20:51:27 IST" skipped="0">
  <testcase classname="com.TestNGDemos.D08KeywordDrivenFramework" name="login" time="8.080"/>
  <system-out/>
</testsuite> <!-- com.TestNGDemos.D08KeywordDrivenFramework -->
